Flutter crash report.
Please report a bug at https://github.com/flutter/flutter/issues.

## command

flutter run

## exception

NoSuchMethodError: NoSuchMethodError: The method 'toFilePath' was called on null.
Receiver: null
Tried calling: toFilePath()

```
#0      Object.noSuchMethod (dart:core-patch/object_patch.dart:51:5)
#1      defaultHandler (package:devtools_server/src/external_handlers.dart:36:60)
<asynchronous suspension>
#2      serveDevTools (package:devtools_server/src/server.dart:211:21)
#3      ResidentRunner.launchDevTools (package:flutter_tools/src/resident_runner.dart:1195:33)
#4      TerminalHandler._commonTerminalInputHandler (package:flutter_tools/src/resident_runner.dart:1555:32)
#5      TerminalHandler.processTerminalInput (package:flutter_tools/src/resident_runner.dart:1584:13)
#6      _rootRunUnary (dart:async/zone.dart:1198:47)
#7      _CustomZone.runUnary (dart:async/zone.dart:1100:19)
#8      _CustomZone.runUnaryGuarded (dart:async/zone.dart:1005:7)
#9      _BufferingStreamSubscription._sendData (dart:async/stream_impl.dart:357:11)
#10     _BufferingStreamSubscription._add (dart:async/stream_impl.dart:285:7)
#11     _SyncBroadcastStreamController._sendData (dart:async/broadcast_stream_controller.dart:385:25)
#12     _BroadcastStreamController.add (dart:async/broadcast_stream_controller.dart:250:5)
#13     _AsBroadcastStreamController.add (dart:async/broadcast_stream_controller.dart:484:11)
#14     _rootRunUnary (dart:async/zone.dart:1198:47)
#15     _CustomZone.runUnary (dart:async/zone.dart:1100:19)
#16     _CustomZone.runUnaryGuarded (dart:async/zone.dart:1005:7)
#17     _BufferingStreamSubscription._sendData (dart:async/stream_impl.dart:357:11)
#18     _BufferingStreamSubscription._add (dart:async/stream_impl.dart:285:7)
#19     _SinkTransformerStreamSubscription._add (dart:async/stream_transformers.dart:69:11)
#20     _EventSinkWrapper.add (dart:async/stream_transformers.dart:15:11)
#21     _StringAdapterSink.add (dart:convert/string_conversion.dart:238:11)
#22     _StringAdapterSink.addSlice (dart:convert/string_conversion.dart:243:7)
#23     _Utf8ConversionSink.addSlice (dart:convert/string_conversion.dart:317:20)
#24     _ErrorHandlingAsciiDecoderSink.addSlice (dart:convert/ascii.dart:256:17)
#25     _ErrorHandlingAsciiDecoderSink.add (dart:convert/ascii.dart:242:5)
#26     _ConverterStreamEventSink.add (dart:convert/chunked_conversion.dart:72:18)
#27     _SinkTransformerStreamSubscription._handleData (dart:async/stream_transformers.dart:121:24)
#28     _rootRunUnary (dart:async/zone.dart:1198:47)
#29     _CustomZone.runUnary (dart:async/zone.dart:1100:19)
#30     _CustomZone.runUnaryGuarded (dart:async/zone.dart:1005:7)
#31     _BufferingStreamSubscription._sendData (dart:async/stream_impl.dart:357:11)
#32     _BufferingStreamSubscription._add (dart:async/stream_impl.dart:285:7)
#33     _SyncStreamControllerDispatch._sendData (dart:async/stream_controller.dart:808:19)
#34     _StreamController._add (dart:async/stream_controller.dart:682:7)
#35     _StreamController.add (dart:async/stream_controller.dart:624:5)
#36     _Socket._onData (dart:io-patch/socket_patch.dart:2020:41)
#37     _rootRunUnary (dart:async/zone.dart:1206:13)
#38     _CustomZone.runUnary (dart:async/zone.dart:1100:19)
#39     _CustomZone.runUnaryGuarded (dart:async/zone.dart:1005:7)
#40     _BufferingStreamSubscription._sendData (dart:async/stream_impl.dart:357:11)
#41     _BufferingStreamSubscription._add (dart:async/stream_impl.dart:285:7)
#42     _SyncStreamControllerDispatch._sendData (dart:async/stream_controller.dart:808:19)
#43     _StreamController._add (dart:async/stream_controller.dart:682:7)
#44     _StreamController.add (dart:async/stream_controller.dart:624:5)
#45     new _RawSocket.<anonymous closure> (dart:io-patch/socket_patch.dart:1556:33)
#46     _Closure.call (dart:core-patch/function.dart)
#47     _NativeSocket.issueReadEvent.issue (dart:io-patch/socket_patch.dart:1052:14)
#48     _microtaskLoop (dart:async/schedule_microtask.dart:41:21)
#49     _startMicrotaskLoop (dart:async/schedule_microtask.dart:50:5)
#50     _runPendingImmediateCallback (dart:isolate-patch/isolate_patch.dart:118:13)
#51     _RawReceivePortImpl._handleMessage (dart:isolate-patch/isolate_patch.dart:169:5)
```

## flutter doctor

```
[✓] Flutter (Channel stable, 1.20.4, on Microsoft Windows [Version 10.0.18363.1198], locale en-US)
    • Flutter version 1.20.4 at C:\src\flutter
    • Framework revision fba99f6cf9 (3 months ago), 2020-09-14 15:32:52 -0700
    • Engine revision d1bc06f032
    • Dart version 2.9.2

[✓] Android toolchain - develop for Android devices (Android SDK version 30.0.2)
    • Android SDK at C:\Users\Admin\AppData\Local\Android\sdk
    • Platform android-30, build-tools 30.0.2
    • Java binary at: C:\Program Files\Android\Android Studio\jre\bin\java
    • Java version OpenJDK Runtime Environment (build 1.8.0_242-release-1644-b01)
    • All Android licenses accepted.

[!] Android Studio (not installed)
    • Android Studio not found; download from https://developer.android.com/studio/index.html
      (or visit https://flutter.dev/docs/get-started/install/windows#android-setup for detailed instructions).

[✓] VS Code (version 1.51.1)
    • VS Code at C:\Users\Admin\AppData\Local\Programs\Microsoft VS Code
    • Flutter extension version 3.16.0

[✓] Connected device (1 available)
    • Nokia 2 2 (mobile) • HZAL1670CAJ61215296 • android-arm64 • Android 10 (API 29)

! Doctor found issues in 1 category.
```
